2015-07-22 12:08:58,340 - [INFO] - from play in pool-4-thread-3 
Listening for HTTP on /0:0:0:0:0:0:0:0:9000

2015-07-22 12:09:31,415 - [INFO] - from play in play-internal-execution-context-1 
database [default] connected at jdbc:h2:file:play

2015-07-22 12:09:32,760 - [INFO] - from play in play-internal-execution-context-1 
Application started (Dev)

2015-07-22 12:09:34,218 - [INFO] - from play in play-internal-execution-context-1 
database [default] connected at jdbc:h2:file:play

2015-07-22 12:09:34,287 - [INFO] - from play in play-internal-execution-context-1 
Application started (Dev)

2015-07-22 15:36:43,942 - [INFO] - from play in play-internal-execution-context-1 
database [default] connected at jdbc:h2:file:play

2015-07-22 15:36:44,250 - [INFO] - from play in play-internal-execution-context-1 
Application started (Dev)

2015-07-22 15:40:00,147 - [INFO] - from play in play-internal-execution-context-5 
database [default] connected at jdbc:h2:file:play

2015-07-22 15:40:00,342 - [INFO] - from play in play-internal-execution-context-5 
Application started (Dev)

2015-07-22 15:40:16,293 - [INFO] - from play in play-internal-execution-context-5 
database [default] connected at jdbc:h2:file:play

2015-07-22 15:40:16,372 - [INFO] - from play in play-internal-execution-context-5 
Application started (Dev)

2015-07-22 15:41:21,191 - [INFO] - from play in play-internal-execution-context-5 
database [default] connected at jdbc:h2:file:play

2015-07-22 15:41:21,288 - [INFO] - from play in play-internal-execution-context-5 
Application started (Dev)

2015-07-22 15:42:58,997 - [INFO] - from play in play-internal-execution-context-8 
database [default] connected at jdbc:h2:file:play

2015-07-22 15:42:59,128 - [INFO] - from play in play-internal-execution-context-8 
Application started (Dev)

2015-07-22 15:53:14,134 - [INFO] - from play in play-internal-execution-context-8 
database [default] connected at jdbc:h2:file:play

2015-07-22 15:53:14,262 - [INFO] - from play in play-internal-execution-context-8 
Application started (Dev)

2015-07-22 15:54:26,324 - [INFO] - from play in play-internal-execution-context-9 
database [default] connected at jdbc:h2:file:play

2015-07-22 15:54:26,415 - [INFO] - from play in play-internal-execution-context-9 
Application started (Dev)

2015-07-22 16:40:44,286 - [INFO] - from play in play-internal-execution-context-10 
database [default] connected at jdbc:h2:file:play

2015-07-22 16:40:44,442 - [INFO] - from play in play-internal-execution-context-10 
Application started (Dev)

2015-07-22 16:41:31,773 - [INFO] - from play in play-internal-execution-context-10 
database [default] connected at jdbc:h2:file:play

2015-07-22 16:41:31,877 - [INFO] - from play in play-internal-execution-context-10 
Application started (Dev)

2015-07-22 16:43:55,558 - [INFO] - from play in play-internal-execution-context-13 
database [default] connected at jdbc:h2:file:play

2015-07-22 16:43:55,686 - [INFO] - from play in play-internal-execution-context-13 
Application started (Dev)

2015-07-22 16:44:52,655 - [INFO] - from play in play-internal-execution-context-13 
database [default] connected at jdbc:h2:file:play

2015-07-22 16:44:52,736 - [INFO] - from play in play-internal-execution-context-13 
Application started (Dev)

2015-07-22 16:45:45,111 - [INFO] - from play in play-internal-execution-context-13 
database [default] connected at jdbc:h2:file:play

2015-07-22 16:45:45,205 - [INFO] - from play in play-internal-execution-context-13 
Application started (Dev)

2015-07-22 16:46:56,121 - [INFO] - from play in play-internal-execution-context-13 
database [default] connected at jdbc:h2:file:play

2015-07-22 16:46:56,199 - [INFO] - from play in play-internal-execution-context-13 
Application started (Dev)

2015-07-22 16:48:00,614 - [INFO] - from play in play-internal-execution-context-13 
database [default] connected at jdbc:h2:file:play

2015-07-22 16:48:00,707 - [INFO] - from play in play-internal-execution-context-13 
Application started (Dev)

2015-07-22 16:49:52,123 - [INFO] - from play in play-internal-execution-context-13 
database [default] connected at jdbc:h2:file:play

2015-07-22 16:49:52,208 - [INFO] - from play in play-internal-execution-context-13 
Application started (Dev)

2015-07-22 16:52:18,172 - [INFO] - from play in play-internal-execution-context-13 
database [default] connected at jdbc:h2:file:play

2015-07-22 16:52:18,278 - [INFO] - from play in play-internal-execution-context-13 
Application started (Dev)

2015-07-22 16:53:47,578 - [INFO] - from play in play-internal-execution-context-13 
database [default] connected at jdbc:h2:file:play

2015-07-22 16:53:47,655 - [INFO] - from play in play-internal-execution-context-13 
Application started (Dev)

2015-07-22 16:59:19,829 - [INFO] - from play in play-internal-execution-context-17 
database [default] connected at jdbc:h2:file:play

2015-07-22 16:59:19,948 - [INFO] - from play in play-internal-execution-context-17 
Application started (Dev)

2015-07-22 17:00:02,089 - [INFO] - from play in play-internal-execution-context-17 
database [default] connected at jdbc:h2:file:play

2015-07-22 17:00:02,193 - [INFO] - from play in play-internal-execution-context-17 
Application started (Dev)

2015-07-22 17:01:53,069 - [INFO] - from play in play-internal-execution-context-19 
database [default] connected at jdbc:h2:file:play

2015-07-22 17:01:53,158 - [INFO] - from play in play-internal-execution-context-19 
Application started (Dev)

2015-07-22 17:04:56,306 - [INFO] - from play in play-internal-execution-context-20 
database [default] connected at jdbc:h2:file:play

2015-07-22 17:04:56,393 - [INFO] - from play in play-internal-execution-context-20 
Application started (Dev)

2015-07-22 17:11:31,579 - [INFO] - from play in play-internal-execution-context-21 
database [default] connected at jdbc:h2:file:play

2015-07-22 17:11:31,676 - [INFO] - from play in play-internal-execution-context-21 
Application started (Dev)

2015-07-22 17:15:00,128 - [INFO] - from play in play-internal-execution-context-21 
database [default] connected at jdbc:h2:file:play

2015-07-22 17:15:00,244 - [INFO] - from play in play-internal-execution-context-21 
Application started (Dev)

2015-07-22 17:16:37,114 - [INFO] - from play in play-internal-execution-context-21 
database [default] connected at jdbc:h2:file:play

2015-07-22 17:16:37,188 - [INFO] - from play in play-internal-execution-context-21 
Application started (Dev)

2015-07-22 17:17:54,348 - [INFO] - from play in play-internal-execution-context-21 
database [default] connected at jdbc:h2:file:play

2015-07-22 17:17:54,421 - [INFO] - from play in play-internal-execution-context-21 
Application started (Dev)

2015-07-22 17:18:26,983 - [INFO] - from play in play-internal-execution-context-21 
database [default] connected at jdbc:h2:file:play

2015-07-22 17:18:27,069 - [INFO] - from play in play-internal-execution-context-21 
Application started (Dev)

2015-07-23 11:14:04,644 - [INFO] - from play in play-internal-execution-context-24 
database [default] connected at jdbc:h2:file:play

2015-07-23 11:14:04,781 - [INFO] - from play in play-internal-execution-context-24 
Application started (Dev)

2015-07-23 11:37:17,973 - [INFO] - from play in play-internal-execution-context-24 
database [default] connected at jdbc:h2:file:play

2015-07-23 11:37:18,099 - [INFO] - from play in play-internal-execution-context-24 
Application started (Dev)

2015-07-23 11:37:38,597 - [INFO] - from play in play-internal-execution-context-24 
database [default] connected at jdbc:h2:file:play

2015-07-23 11:37:38,677 - [INFO] - from play in play-internal-execution-context-24 
Application started (Dev)

2015-07-23 11:38:31,048 - [INFO] - from play in play-internal-execution-context-24 
database [default] connected at jdbc:h2:file:play

2015-07-23 11:38:31,155 - [INFO] - from play in play-internal-execution-context-24 
Application started (Dev)

2015-07-23 13:15:57,305 - [INFO] - from play in play-internal-execution-context-24 
database [default] connected at jdbc:h2:file:play

2015-07-23 13:15:57,487 - [INFO] - from play in play-internal-execution-context-24 
Application started (Dev)

2015-07-23 13:17:02,110 - [INFO] - from play in play-internal-execution-context-24 
database [default] connected at jdbc:h2:file:play

2015-07-23 13:17:02,240 - [INFO] - from play in play-internal-execution-context-24 
Application started (Dev)

2015-07-23 13:27:10,069 - [INFO] - from play in play-internal-execution-context-31 
database [default] connected at jdbc:h2:file:play

2015-07-23 13:27:10,165 - [INFO] - from play in play-internal-execution-context-31 
Application started (Dev)

2015-07-23 13:30:36,039 - [INFO] - from play in play-internal-execution-context-31 
database [default] connected at jdbc:h2:file:play

2015-07-23 13:30:36,123 - [INFO] - from play in play-internal-execution-context-31 
Application started (Dev)

2015-07-23 13:31:17,036 - [INFO] - from play in play-internal-execution-context-31 
database [default] connected at jdbc:h2:file:play

2015-07-23 13:31:17,111 - [INFO] - from play in play-internal-execution-context-31 
Application started (Dev)

2015-07-23 13:36:03,077 - [INFO] - from play in play-internal-execution-context-31 
database [default] connected at jdbc:h2:file:play

2015-07-23 13:36:03,155 - [INFO] - from play in play-internal-execution-context-31 
Application started (Dev)

2015-07-23 13:36:53,144 - [INFO] - from play in play-internal-execution-context-31 
database [default] connected at jdbc:h2:file:play

2015-07-23 13:36:53,219 - [INFO] - from play in play-internal-execution-context-31 
Application started (Dev)

2015-07-23 13:38:18,060 - [INFO] - from play in play-internal-execution-context-31 
database [default] connected at jdbc:h2:file:play

2015-07-23 13:38:18,135 - [INFO] - from play in play-internal-execution-context-31 
Application started (Dev)

2015-07-23 13:38:38,065 - [INFO] - from play in play-internal-execution-context-31 
database [default] connected at jdbc:h2:file:play

2015-07-23 13:38:38,108 - [INFO] - from play in play-internal-execution-context-31 
Application started (Dev)

2015-07-23 13:40:02,079 - [INFO] - from play in play-internal-execution-context-31 
database [default] connected at jdbc:h2:file:play

2015-07-23 13:40:02,149 - [INFO] - from play in play-internal-execution-context-31 
Application started (Dev)

2015-07-23 13:40:26,061 - [INFO] - from play in play-internal-execution-context-35 
database [default] connected at jdbc:h2:file:play

2015-07-23 13:40:26,128 - [INFO] - from play in play-internal-execution-context-35 
Application started (Dev)

2015-07-23 13:43:11,051 - [INFO] - from play in play-internal-execution-context-35 
database [default] connected at jdbc:h2:file:play

2015-07-23 13:43:11,132 - [INFO] - from play in play-internal-execution-context-35 
Application started (Dev)

2015-07-23 13:44:33,060 - [INFO] - from play in play-internal-execution-context-35 
database [default] connected at jdbc:h2:file:play

2015-07-23 13:44:33,156 - [INFO] - from play in play-internal-execution-context-35 
Application started (Dev)

2015-07-23 13:57:56,621 - [INFO] - from play in play-internal-execution-context-35 
database [default] connected at jdbc:h2:file:play

2015-07-23 13:57:56,734 - [INFO] - from play in play-internal-execution-context-35 
Application started (Dev)

2015-07-23 13:58:47,054 - [INFO] - from play in play-internal-execution-context-38 
database [default] connected at jdbc:h2:file:play

2015-07-23 13:58:47,132 - [INFO] - from play in play-internal-execution-context-38 
Application started (Dev)

2015-07-23 14:17:01,060 - [INFO] - from play in play-internal-execution-context-38 
database [default] connected at jdbc:h2:file:play

2015-07-23 14:17:01,159 - [INFO] - from play in play-internal-execution-context-38 
Application started (Dev)

2015-07-23 14:20:07,066 - [INFO] - from play in play-internal-execution-context-38 
database [default] connected at jdbc:h2:file:play

2015-07-23 14:20:07,174 - [INFO] - from play in play-internal-execution-context-38 
Application started (Dev)

2015-07-23 14:21:50,053 - [INFO] - from play in play-internal-execution-context-38 
database [default] connected at jdbc:h2:file:play

2015-07-23 14:21:50,126 - [INFO] - from play in play-internal-execution-context-38 
Application started (Dev)

2015-07-23 14:23:55,497 - [INFO] - from play in play-internal-execution-context-42 
database [default] connected at jdbc:h2:file:play

2015-07-23 14:23:55,627 - [INFO] - from play in play-internal-execution-context-42 
Application started (Dev)

2015-07-23 14:24:24,102 - [INFO] - from play in play-internal-execution-context-42 
database [default] connected at jdbc:h2:file:play

2015-07-23 14:24:24,150 - [INFO] - from play in play-internal-execution-context-42 
Application started (Dev)

2015-07-23 14:25:50,635 - [INFO] - from play in play-internal-execution-context-43 
database [default] connected at jdbc:h2:file:play

2015-07-23 14:25:50,713 - [INFO] - from play in play-internal-execution-context-43 
Application started (Dev)

2015-07-23 14:26:21,116 - [INFO] - from play in play-internal-execution-context-43 
database [default] connected at jdbc:h2:file:play

2015-07-23 14:26:21,169 - [INFO] - from play in play-internal-execution-context-43 
Application started (Dev)

2015-07-23 14:29:43,050 - [INFO] - from play in play-internal-execution-context-43 
database [default] connected at jdbc:h2:file:play

2015-07-23 14:29:43,121 - [INFO] - from play in play-internal-execution-context-43 
Application started (Dev)

2015-07-23 14:30:23,078 - [INFO] - from play in play-internal-execution-context-43 
database [default] connected at jdbc:h2:file:play

2015-07-23 14:30:23,151 - [INFO] - from play in play-internal-execution-context-43 
Application started (Dev)

2015-07-23 14:33:05,124 - [INFO] - from play in play-internal-execution-context-43 
database [default] connected at jdbc:h2:file:play

2015-07-23 14:33:05,210 - [INFO] - from play in play-internal-execution-context-43 
Application started (Dev)

2015-07-23 14:34:04,053 - [INFO] - from play in play-internal-execution-context-43 
database [default] connected at jdbc:h2:file:play

2015-07-23 14:34:04,128 - [INFO] - from play in play-internal-execution-context-43 
Application started (Dev)

2015-07-23 14:45:17,615 - [INFO] - from play in play-internal-execution-context-43 
database [default] connected at jdbc:h2:file:play

2015-07-23 14:45:17,706 - [INFO] - from play in play-internal-execution-context-43 
Application started (Dev)

2015-07-23 14:48:21,054 - [INFO] - from play in play-internal-execution-context-43 
database [default] connected at jdbc:h2:file:play

2015-07-23 14:48:21,122 - [INFO] - from play in play-internal-execution-context-43 
Application started (Dev)

2015-07-23 14:50:30,096 - [INFO] - from play in play-internal-execution-context-43 
database [default] connected at jdbc:h2:file:play

2015-07-23 14:50:30,169 - [INFO] - from play in play-internal-execution-context-43 
Application started (Dev)

2015-07-24 11:14:03,061 - [INFO] - from play in play-internal-execution-context-43 
database [default] connected at jdbc:h2:file:play

2015-07-24 11:14:03,196 - [INFO] - from play in play-internal-execution-context-43 
Application started (Dev)

2015-07-24 11:18:09,040 - [INFO] - from play in play-internal-execution-context-43 
database [default] connected at jdbc:h2:file:play

2015-07-24 11:18:09,143 - [INFO] - from play in play-internal-execution-context-43 
Application started (Dev)

2015-07-24 11:18:44,071 - [INFO] - from play in play-internal-execution-context-43 
database [default] connected at jdbc:h2:file:play

2015-07-24 11:18:44,147 - [INFO] - from play in play-internal-execution-context-43 
Application started (Dev)

2015-07-24 12:07:18,523 - [INFO] - from play in play-internal-execution-context-49 
database [default] connected at jdbc:h2:file:play

2015-07-24 12:07:18,622 - [INFO] - from play in play-internal-execution-context-49 
Application started (Dev)

2015-07-24 12:07:58,049 - [INFO] - from play in play-internal-execution-context-49 
database [default] connected at jdbc:h2:file:play

2015-07-24 12:07:58,120 - [INFO] - from play in play-internal-execution-context-49 
Application started (Dev)

2015-07-24 12:08:27,064 - [INFO] - from play in play-internal-execution-context-50 
database [default] connected at jdbc:h2:file:play

2015-07-24 12:08:27,122 - [INFO] - from play in play-internal-execution-context-50 
Application started (Dev)

2015-07-25 11:45:50,040 - [INFO] - from play in play-internal-execution-context-51 
database [default] connected at jdbc:h2:file:play

2015-07-25 11:45:50,140 - [INFO] - from play in play-internal-execution-context-51 
Application started (Dev)

2015-07-25 11:46:44,086 - [INFO] - from play in play-internal-execution-context-51 
database [default] connected at jdbc:h2:file:play

2015-07-25 11:46:44,166 - [INFO] - from play in play-internal-execution-context-51 
Application started (Dev)

2015-07-25 11:47:04,381 - [INFO] - from play in play-internal-execution-context-51 
database [default] connected at jdbc:h2:file:play

2015-07-25 11:47:04,435 - [INFO] - from play in play-internal-execution-context-51 
Application started (Dev)

